#
# There is insufficient memory for the Java Runtime Environment to continue.
# Native memory allocation (malloc) failed to allocate 1048576 bytes for AllocateHeap
# Possible reasons:
#   The system is out of physical RAM or swap space
#   The process is running with CompressedOops enabled, and the Java Heap may be blocking the growth of the native heap
# Possible solutions:
#   Reduce memory load on the system
#   Increase physical memory or swap space
#   Check if swap backing store is full
#   Decrease Java heap size (-Xmx/-Xms)
#   Decrease number of Java threads
#   Decrease Java thread stack sizes (-Xss)
#   Set larger code cache with -XX:ReservedCodeCacheSize=
#   JVM is running with Unscaled Compressed Oops mode in which the Java heap is
#     placed in the first 4GB address space. The Java Heap base address is the
#     maximum limit for the native heap growth. Please use -XX:HeapBaseMinAddress
#     to set the Java Heap base and to place the Java Heap above 4GB virtual address.
# This output file may be truncated or incomplete.
#
#  Out of Memory Error (memory/allocation.inline.hpp:61), pid=11804, tid=0x0000000000000cf4
#
# JRE version:  (8.0_202-b03) (build )
# Java VM: OpenJDK 64-Bit Server VM (25.202-b03 mixed mode windows-amd64 compressed oops)
# Failed to write core dump. Minidumps are not enabled by default on client versions of Windows
#

---------------  T H R E A D  ---------------

Current thread (0x0000000003229000):  JavaThread "Unknown thread" [_thread_in_vm, id=3316, stack(0x0000000003120000,0x0000000003220000)]

Stack: [0x0000000003120000,0x0000000003220000]
[error occurred during error reporting (printing stack bounds), id 0xc0000005]

Native frames: (J=compiled Java code, j=interpreted, Vv=VM code, C=native code)


---------------  P R O C E S S  ---------------

Java Threads: ( => current thread )

Other Threads:

=>0x0000000003229000 (exited) JavaThread "Unknown thread" [_thread_in_vm, id=3316, stack(0x0000000003120000,0x0000000003220000)]

VM state:not at safepoint (normal execution)

VM Mutex/Monitor currently owned by a thread: None

heap address: 0x0000000081c00000, size: 2020 MB, Compressed Oops mode: 32-bit
Narrow klass base: 0x0000000000000000, Narrow klass shift: 3
Compressed class space size: 1073741824 Address: 0x0000000100000000

Heap:
 PSYoungGen      total 38400K, used 665K [0x00000000d5f00000, 0x00000000d8980000, 0x0000000100000000)
  eden space 33280K, 2% used [0x00000000d5f00000,0x00000000d5fa6670,0x00000000d7f80000)
  from space 5120K, 0% used [0x00000000d8480000,0x00000000d8480000,0x00000000d8980000)
  to   space 5120K, 0% used [0x00000000d7f80000,0x00000000d7f80000,0x00000000d8480000)
 ParOldGen       total 87552K, used 0K [0x0000000081c00000, 0x0000000087180000, 0x00000000d5f00000)
  object space 87552K, 0% used [0x0000000081c00000,0x0000000081c00000,0x0000000087180000)
 Metaspace       used 778K, capacity 4480K, committed 4480K, reserved 1056768K
  class space    used 74K, capacity 384K, committed 384K, reserved 1048576K

Card table byte_map: [0x00000000126e0000,0x0000000012ae0000] byte_map_base: 0x00000000122d2000

Marking Bits: (ParMarkBitMap*) 0x000000006b1d9f30
 Begin Bits: [0x0000000013590000, 0x0000000015520000)
 End Bits:   [0x0000000015520000, 0x00000000174b0000)

Polling page: 0x0000000002ec0000

CodeCache: size=245760Kb used=328Kb max_used=328Kb free=245431Kb
 bounds [0x0000000003320000, 0x0000000003590000, 0x0000000012320000]
 total_blobs=57 nmethods=0 adapters=38
 compilation: enabled

Compilation events (0 events):
No events

GC Heap History (0 events):
No events

Deoptimization events (0 events):
No events

Classes redefined (0 events):
No events

Internal exceptions (0 events):
No events

Events (10 events):
Event: 0.015 loading class java/lang/Short
Event: 0.015 loading class java/lang/Short done
Event: 0.015 loading class java/lang/Integer
Event: 0.015 loading class java/lang/Integer done
Event: 0.015 loading class java/lang/Long
Event: 0.015 loading class java/lang/Long done
Event: 0.015 loading class java/lang/NullPointerException
Event: 0.015 loading class java/lang/NullPointerException done
Event: 0.015 loading class java/lang/ArithmeticException
Event: 0.015 loading class java/lang/ArithmeticException done


Dynamic libraries:
0x00007ff670150000 - 0x00007ff670181000 	C:\Program Files\Android\Android Studio\jre\jre\bin\java.exe
0x00007ffccd1d0000 - 0x00007ffccd3bd000 	C:\WINDOWS\SYSTEM32\ntdll.dll
0x00007ffccbf70000 - 0x00007ffccc023000 	C:\WINDOWS\System32\KERNEL32.DLL
0x00007ffcca150000 - 0x00007ffcca3e3000 	C:\WINDOWS\System32\KERNELBASE.dll
0x00007ffcccf50000 - 0x00007ffcccff3000 	C:\WINDOWS\System32\ADVAPI32.dll
0x00007ffcca3f0000 - 0x00007ffcca48e000 	C:\WINDOWS\System32\msvcrt.dll
0x00007ffccceb0000 - 0x00007ffcccf4e000 	C:\WINDOWS\System32\sechost.dll
0x00007ffccd010000 - 0x00007ffccd132000 	C:\WINDOWS\System32\RPCRT4.dll
0x00007ffccc2d0000 - 0x00007ffccc467000 	C:\WINDOWS\System32\USER32.dll
0x00007ffcca130000 - 0x00007ffcca150000 	C:\WINDOWS\System32\win32u.dll
0x00007ffccbb90000 - 0x00007ffccbbb9000 	C:\WINDOWS\System32\GDI32.dll
0x00007ffcc9de0000 - 0x00007ffcc9f79000 	C:\WINDOWS\System32\gdi32full.dll
0x00007ffcca090000 - 0x00007ffcca130000 	C:\WINDOWS\System32\msvcp_win.dll
0x00007ffcc9ce0000 - 0x00007ffcc9dda000 	C:\WINDOWS\System32\ucrtbase.dll
0x00007ffcb76a0000 - 0x00007ffcb7919000 	C:\WINDOWS\WinSxS\amd64_microsoft.windows.common-controls_6595b64144ccf1df_6.0.17763.1098_none_de762ed45346ee8a\COMCTL32.dll
0x00007ffccca20000 - 0x00007ffcccd4c000 	C:\WINDOWS\System32\combase.dll
0x00007ffcca010000 - 0x00007ffcca08e000 	C:\WINDOWS\System32\bcryptPrimitives.dll
0x00007ffcca5e0000 - 0x00007ffcca60e000 	C:\WINDOWS\System32\IMM32.DLL
0x000000006a850000 - 0x000000006a922000 	C:\Program Files\Android\Android Studio\jre\jre\bin\msvcr100.dll
0x000000006aa10000 - 0x000000006b256000 	C:\Program Files\Android\Android Studio\jre\jre\bin\server\jvm.dll
0x00007ffccd000000 - 0x00007ffccd008000 	C:\WINDOWS\System32\PSAPI.DLL
0x00007ffcc48a0000 - 0x00007ffcc48c4000 	C:\WINDOWS\SYSTEM32\WINMM.dll
0x00007ffcbc620000 - 0x00007ffcbc62a000 	C:\WINDOWS\SYSTEM32\VERSION.dll
0x00007ffcb0a50000 - 0x00007ffcb0a59000 	C:\WINDOWS\SYSTEM32\WSOCK32.dll
0x00007ffccc200000 - 0x00007ffccc26d000 	C:\WINDOWS\System32\WS2_32.dll
0x00007ffcc4870000 - 0x00007ffcc489d000 	C:\WINDOWS\SYSTEM32\winmmbase.dll
0x00007ffcc9c90000 - 0x00007ffcc9cda000 	C:\WINDOWS\System32\cfgmgr32.dll
0x00007ffcc4cd0000 - 0x00007ffcc4cdf000 	C:\Program Files\Android\Android Studio\jre\jre\bin\verify.dll
0x00007ffcc4bd0000 - 0x00007ffcc4bf9000 	C:\Program Files\Android\Android Studio\jre\jre\bin\java.dll
0x00007ffcc4bb0000 - 0x00007ffcc4bc6000 	C:\Program Files\Android\Android Studio\jre\jre\bin\zip.dll

VM Arguments:
java_command: org.jetbrains.kotlin.cli.jvm.K2JVMCompiler -Xallow-no-source-files -classpath C:\Users\Admin\.gradle\caches\transforms-2\files-2.1\0198844fbbdd3309bc2276d6bafec7fc\fragment-testing-1.2.0-rc01-api.jar;C:\Users\Admin\.gradle\caches\modules-2\files-2.1\org.jetbrains.kotlin\kotlin-android-extensions-runtime\1.3.71\4e50c67bac9e76cbdf5ab9255eeb74f7bf1c34f1\kotlin-android-extensions-runtime-1.3.71.jar;C:\Users\Admin\.gradle\caches\modules-2\files-2.1\org.jetbrains.kotlin\kotlin-stdlib-jdk7\1.3.71\9180d3aec3f0b2ea6ef0dcf01b464a6e2219e381\kotlin-stdlib-jdk7-1.3.71.jar;C:\Users\Admin\.gradle\caches\transforms-2\files-2.1\605c9978dcf677d90bea6a8afa9dbe04\navigation-fragment-ktx-2.2.0-rc01-api.jar;C:\Users\Admin\.gradle\caches\transforms-2\files-2.1\b4381e55d81b199a1a045f7f941b1df4\navigation-ui-ktx-2.2.0-rc01-api.jar;C:\Users\Admin\.gradle\caches\transforms-2\files-2.1\651accc01ee4c815696a528929d5c742\fragment-ktx-1.2.0-rc01-api.jar;C:\Users\Admin\.gradle\caches\transforms-2\files-2.1\b9f61df6c8563d361687d93971a2a514\navigation-runtime-ktx-2.2.0-rc01-api.jar;C:\Users\Admin\.gradle\caches\transforms-2\files-2.1\96d54f3efb195bee02b9dc2a16605f82\activity-ktx-1.1.0-rc01-api.jar;C:\Users\Admin\.gradle\caches\transforms-2\files-2.1\49666bea67f2c7d543d97898c147186e\core-ktx-1.1.0-api.jar;C:\Users\Admin\.gradle\caches\transforms-2\files-2.1\26f1848fbc893216c6f1c003756ecaa4\lifecycle-viewmodel-ktx-2.2.0-rc01-api.jar;C:\Users\Admin\.gradle\caches\modules-2\files-2.1\androidx.collection\collection-ktx\1.1.0\f807b2f366f7b75142a67d2f3c10031065b5168\collection-ktx-1.1.0.jar;C:\Users\Admin\.gradle\caches\transforms-2\files-2.1\d20ee4b4a44dbba6687086a9cd1daa9b\lifecycle-livedata-core-ktx-2.2.0-rc01-api.jar;C:\Users\Admin\.gradle\caches\transforms-2\files-2.1\6246f03937174fa14bac3153fd38dde7\navigation-common-ktx-2.2.0-rc01-api.jar;C:\Users\Admin\.gradle\caches\transforms-2\files-2.1\6900d805dd57ea3105280a54dafa8d47\lifecycle-runtime-ktx-2.2.0-rc01-api.jar;C:\Users\Admin\.gradl
java_class_path (initial): C:\Users\Admin\.gradle\caches\modules-2\files-2.1\org.jetbrains.kotlin\kotlin-compiler-embeddable\1.3.71\df961ae412445788a38170e27f90bad4e0824153\kotlin-compiler-embeddable-1.3.71.jar;C:\Users\Admin\.gradle\caches\modules-2\files-2.1\org.jetbrains.kotlin\kotlin-reflect\1.3.71\fca74670d8e6906a3241b3cf3732409ca77b2508\kotlin-reflect-1.3.71.jar;C:\Users\Admin\.gradle\caches\modules-2\files-2.1\org.jetbrains.kotlin\kotlin-stdlib\1.3.71\898273189ad22779da6bed88ded39b14cb5fd432\kotlin-stdlib-1.3.71.jar;C:\Users\Admin\.gradle\caches\modules-2\files-2.1\org.jetbrains.kotlin\kotlin-script-runtime\1.3.71\7f5522e7a9d1736fabfdb4335630f64504ce8f20\kotlin-script-runtime-1.3.71.jar;C:\Users\Admin\.gradle\caches\modules-2\files-2.1\org.jetbrains.kotlin\kotlin-daemon-embeddable\1.3.71\9729c4da2369c4cb84514297f6c652e05dc49d6b\kotlin-daemon-embeddable-1.3.71.jar;C:\Users\Admin\.gradle\caches\modules-2\files-2.1\org.jetbrains.intellij.deps\trove4j\1.0.20181211\216c2e14b070f334479d800987affe4054cd563f\trove4j-1.0.20181211.jar;C:\Users\Admin\.gradle\caches\modules-2\files-2.1\org.jetbrains.kotlin\kotlin-stdlib-common\1.3.71\e71c3fef58e26affeb03d675e91fd8abdd44aa7b\kotlin-stdlib-common-1.3.71.jar;C:\Users\Admin\.gradle\caches\modules-2\files-2.1\org.jetbrains\annotations\13.0\919f0dfe192fb4e063e7dacadee7f8bb9a2672a9\annotations-13.0.jar;C:\Program Files\Android\Android Studio\jre\lib\tools.jar
Launcher Type: SUN_STANDARD

Environment Variables:
PATH=C:\Program Files (x86)\Intel\Intel(R) Management Engine Components\iCLS\;C:\Program Files\Intel\Intel(R) Management Engine Components\iCLS\;C:\Windows\system32;C:\Windows;C:\Windows\System32\Wbem;C:\Windows\System32\WindowsPowerShell\v1.0\;C:\Windows\System32\OpenSSH\;C:\Program Files (x86)\NVIDIA Corporation\PhysX\Common;C:\Program Files (x86)\Intel\Intel(R) Management Engine Components\DAL;C:\Program Files\Intel\Intel(R) Management Engine Components\DAL;C:\Program Files (x86)\Intel\Intel(R) Management Engine Components\IPT;C:\Program Files\Intel\Intel(R) Management Engine Components\IPT;C:\Program Files\Intel\WiFi\bin\;C:\Program Files\Common Files\Intel\WirelessCommon\;C:\WINDOWS\system32;C:\WINDOWS;C:\WINDOWS\System32\Wbem;C:\WINDOWS\System32\WindowsPowerShell\v1.0\;C:\WINDOWS\System32\OpenSSH\;C:\Program Files\Git\cmd;C:\Android;C:\Program Files\nodejs\;C:\Users\Admin\AppData\Local\Microsoft\WindowsApps;C:\Users\Admin\AppData\Roaming\npm
USERNAME=Admin
OS=Windows_NT
PROCESSOR_IDENTIFIER=Intel64 Family 6 Model 142 Stepping 10, GenuineIntel



---------------  S Y S T E M  ---------------

OS: Windows 10.0 , 64 bit Build 17763 (10.0.17763.475)

CPU:total 8 (initial active 8) (4 cores per cpu, 2 threads per core) family 6 model 142 stepping 10, cmov, cx8, fxsr, mmx, sse, sse2, sse3, ssse3, sse4.1, sse4.2, popcnt, avx, avx2, aes, clmul, erms, 3dnowpref, lzcnt, ht, tsc, tscinvbit, bmi1, bmi2, adx

Memory: 4k page, physical 8267536k(124576k free), swap 33433360k(5884k free)

vm_info: OpenJDK 64-Bit Server VM (25.202-b03) for windows-amd64 JRE (1.8.0_202-release-1483-b03), built by "builder" with MS VC++ 10.0 (VS2010)

time: Tue Apr 14 16:55:33 2020
timezone: India Standard Time
elapsed time: 0 seconds (0d 0h 0m 0s)

